Sun 26 Jan 2025 13:22:19 IST

SLURM_JOBID:		 2463386
SLURM_JOB_NODELIST:	 ise-cpu-intl-22 


reading isolet
reading spambase



Parent Selection Type: sss
Number of Generations: 20
Features to select: 5
Dataset: isolet
Running feature selection based on other feature selection algorithms
--------------------------------------------------
Training time: 857.65 seconds
Generation: 20
Parameters of the best solution : [0.02058449 0.96990985 0.83244264 0.21233911 0.18182497]
Fitness value of the best solution = 0.49038461538461536
[np.float64(0.49038461538461536), np.float64(0.49038461538461536), np.float64(0.49038461538461536), np.float64(0.49038461538461536), np.float64(0.49038461538461536), np.float64(0.49038461538461536), np.float64(0.49038461538461536), np.float64(0.49038461538461536), np.float64(0.49038461538461536), np.float64(0.49038461538461536), np.float64(0.49038461538461536), np.float64(0.49038461538461536), np.float64(0.49038461538461536), np.float64(0.49038461538461536), np.float64(0.49038461538461536), np.float64(0.49038461538461536), np.float64(0.49038461538461536), np.float64(0.49038461538461536), np.float64(0.49038461538461536), np.float64(0.49038461538461536), np.float64(0.49038461538461536)]
Running feature selection based on simple genetic algorithm
--------------------------------------------------
Training time: 819.39 seconds
Generation: 20
Parameters of the best solution : [391, 548, 175, 104, 456]
Fitness value of the best solution = 0.5397435897435897
[np.float64(0.3782051282051282), np.float64(0.39487179487179486), np.float64(0.4423076923076923), np.float64(0.48525641025641025), np.float64(0.48525641025641025), np.float64(0.48525641025641025), np.float64(0.48525641025641025), np.float64(0.5230769230769231), np.float64(0.5230769230769231), np.float64(0.5230769230769231), np.float64(0.5230769230769231), np.float64(0.5230769230769231), np.float64(0.5230769230769231), np.float64(0.5397435897435897), np.float64(0.5397435897435897), np.float64(0.5397435897435897), np.float64(0.5397435897435897), np.float64(0.5397435897435897), np.float64(0.5397435897435897), np.float64(0.5397435897435897), np.float64(0.5397435897435897)]
------------------------------------------------
Feature selection method: classifier_chi2. Accuracy: 0.20064102564102565
------------------------------------------------
Feature selection method: classifier_mutual_info_classif. Accuracy: 0.3269230769230769
------------------------------------------------
Feature selection method: classifier_mutual_info_regression. Accuracy: 0.3121794871794872
------------------------------------------------
Feature selection method: classifier_f_classif. Accuracy: 0.23333333333333334
------------------------------------------------
Feature selection method: classifier_f_regression. Accuracy: 0.258974358974359



Parent Selection Type: sss
Number of Generations: 20
Features to select: 10
Dataset: isolet
Running feature selection based on other feature selection algorithms
--------------------------------------------------
Training time: 1035.00 seconds
Generation: 20
Parameters of the best solution : [0.44885137 0.59901104 0.07173534 0.22675862 0.93149039]
Fitness value of the best solution = 0.607051282051282
[np.float64(0.607051282051282), np.float64(0.607051282051282), np.float64(0.607051282051282), np.float64(0.607051282051282), np.float64(0.607051282051282), np.float64(0.607051282051282), np.float64(0.607051282051282), np.float64(0.607051282051282), np.float64(0.607051282051282), np.float64(0.607051282051282), np.float64(0.607051282051282), np.float64(0.607051282051282), np.float64(0.607051282051282), np.float64(0.607051282051282), np.float64(0.607051282051282), np.float64(0.607051282051282), np.float64(0.607051282051282), np.float64(0.607051282051282), np.float64(0.607051282051282), np.float64(0.607051282051282), np.float64(0.607051282051282)]
Running feature selection based on simple genetic algorithm
--------------------------------------------------
Training time: 1065.46 seconds
Generation: 20
Parameters of the best solution : [361, 107, 460, 171, 383, 576, 209, 160, 563, 583]
Fitness value of the best solution = 0.7025641025641025
[np.float64(0.6371794871794871), np.float64(0.6371794871794871), np.float64(0.6448717948717949), np.float64(0.6448717948717949), np.float64(0.6698717948717948), np.float64(0.6865384615384615), np.float64(0.6865384615384615), np.float64(0.6865384615384615), np.float64(0.6865384615384615), np.float64(0.6865384615384615), np.float64(0.6865384615384615), np.float64(0.6865384615384615), np.float64(0.6865384615384615), np.float64(0.6865384615384615), np.float64(0.6865384615384615), np.float64(0.6865384615384615), np.float64(0.6865384615384615), np.float64(0.6865384615384615), np.float64(0.6865384615384615), np.float64(0.7025641025641025), np.float64(0.7025641025641025)]
------------------------------------------------
Feature selection method: classifier_chi2. Accuracy: 0.2724358974358974
------------------------------------------------
Feature selection method: classifier_mutual_info_classif. Accuracy: 0.5326923076923077
------------------------------------------------
Feature selection method: classifier_mutual_info_regression. Accuracy: 0.5307692307692308
------------------------------------------------
Feature selection method: classifier_f_classif. Accuracy: 0.5121794871794871
------------------------------------------------
Feature selection method: classifier_f_regression. Accuracy: 0.48012820512820514



Parent Selection Type: sss
Number of Generations: 20
Features to select: 15
Dataset: isolet
Running feature selection based on other feature selection algorithms
--------------------------------------------------
Training time: 1095.63 seconds
Generation: 20
Parameters of the best solution : [0.36355629 0.99474705 0.57121332 0.47261321 0.49593583]
Fitness value of the best solution = 0.7038461538461539
[np.float64(0.7038461538461539), np.float64(0.7038461538461539), np.float64(0.7038461538461539), np.float64(0.7038461538461539), np.float64(0.7038461538461539), np.float64(0.7038461538461539), np.float64(0.7038461538461539), np.float64(0.7038461538461539), np.float64(0.7038461538461539), np.float64(0.7038461538461539), np.float64(0.7038461538461539), np.float64(0.7038461538461539), np.float64(0.7038461538461539), np.float64(0.7038461538461539), np.float64(0.7038461538461539), np.float64(0.7038461538461539), np.float64(0.7038461538461539), np.float64(0.7038461538461539), np.float64(0.7038461538461539), np.float64(0.7038461538461539), np.float64(0.7038461538461539)]
Running feature selection based on simple genetic algorithm
--------------------------------------------------
Training time: 1004.89 seconds
Generation: 20
Parameters of the best solution : [553, 461, 471, 479, 583, 7, 133, 165, 11, 107, 446, 594, 249, 412, 174]
Fitness value of the best solution = 0.7993589743589744
[np.float64(0.7), np.float64(0.7621794871794871), np.float64(0.7621794871794871), np.float64(0.7621794871794871), np.float64(0.7621794871794871), np.float64(0.7621794871794871), np.float64(0.7762820512820513), np.float64(0.7794871794871795), np.float64(0.7794871794871795), np.float64(0.7794871794871795), np.float64(0.7865384615384615), np.float64(0.7871794871794872), np.float64(0.7871794871794872), np.float64(0.801923076923077), np.float64(0.801923076923077), np.float64(0.801923076923077), np.float64(0.801923076923077), np.float64(0.8070512820512821), np.float64(0.8147435897435897), np.float64(0.8147435897435897), np.float64(0.7993589743589744)]
------------------------------------------------
Feature selection method: classifier_chi2. Accuracy: 0.36666666666666664
------------------------------------------------
Feature selection method: classifier_mutual_info_classif. Accuracy: 0.5717948717948718
------------------------------------------------
Feature selection method: classifier_mutual_info_regression. Accuracy: 0.5762820512820512
------------------------------------------------
Feature selection method: classifier_f_classif. Accuracy: 0.6384615384615384
------------------------------------------------
Feature selection method: classifier_f_regression. Accuracy: 0.5365384615384615



Parent Selection Type: sss
Number of Generations: 20
Features to select: 20
Dataset: isolet
Running feature selection based on other feature selection algorithms
--------------------------------------------------
Training time: 1308.63 seconds
Generation: 20
Parameters of the best solution : [0.6766583  0.09113217 0.14720246 0.50882145 0.9218958 ]
Fitness value of the best solution = 0.7205128205128205
[np.float64(0.7205128205128205), np.float64(0.7205128205128205), np.float64(0.7205128205128205), np.float64(0.7205128205128205), np.float64(0.7205128205128205), np.float64(0.7205128205128205), np.float64(0.7205128205128205), np.float64(0.7205128205128205), np.float64(0.7205128205128205), np.float64(0.7205128205128205), np.float64(0.7205128205128205), np.float64(0.7205128205128205), np.float64(0.7205128205128205), np.float64(0.7205128205128205), np.float64(0.7205128205128205), np.float64(0.7205128205128205), np.float64(0.7205128205128205), np.float64(0.7205128205128205), np.float64(0.7205128205128205), np.float64(0.7205128205128205), np.float64(0.7205128205128205)]
Running feature selection based on simple genetic algorithm
--------------------------------------------------
Training time: 1222.40 seconds
Generation: 20
Parameters of the best solution : [14, 172, 351, 18, 361, 364, 489, 512, 98, 377, 106, 212, 359, 580, 415, 300, 129, 37, 350, 362]
Fitness value of the best solution = 0.8538461538461538
[np.float64(0.7782051282051282), np.float64(0.8051282051282052), np.float64(0.8051282051282052), np.float64(0.8051282051282052), np.float64(0.841025641025641), np.float64(0.841025641025641), np.float64(0.841025641025641), np.float64(0.841025641025641), np.float64(0.841025641025641), np.float64(0.841025641025641), np.float64(0.8435897435897436), np.float64(0.8474358974358974), np.float64(0.8538461538461538), np.float64(0.8538461538461538), np.float64(0.8538461538461538), np.float64(0.8538461538461538), np.float64(0.8538461538461538), np.float64(0.8538461538461538), np.float64(0.8538461538461538), np.float64(0.8538461538461538), np.float64(0.8538461538461538)]
------------------------------------------------
Feature selection method: classifier_chi2. Accuracy: 0.39294871794871794
------------------------------------------------
Feature selection method: classifier_mutual_info_classif. Accuracy: 0.642948717948718
------------------------------------------------
Feature selection method: classifier_mutual_info_regression. Accuracy: 0.6621794871794872
------------------------------------------------
Feature selection method: classifier_f_classif. Accuracy: 0.6948717948717948
------------------------------------------------
Feature selection method: classifier_f_regression. Accuracy: 0.5814102564102565



Parent Selection Type: sss
Number of Generations: 20
Features to select: 25
Dataset: isolet
Running feature selection based on other feature selection algorithms
--------------------------------------------------
Training time: 1372.25 seconds
Generation: 20
Parameters of the best solution : [0.42394308 0.78042367 0.03219015 0.68978275 0.08037334]
Fitness value of the best solution = 0.7467948717948718
[np.float64(0.7467948717948718), np.float64(0.7467948717948718), np.float64(0.7467948717948718), np.float64(0.7467948717948718), np.float64(0.7467948717948718), np.float64(0.7467948717948718), np.float64(0.7467948717948718), np.float64(0.7467948717948718), np.float64(0.7467948717948718), np.float64(0.7467948717948718), np.float64(0.7467948717948718), np.float64(0.7467948717948718), np.float64(0.7467948717948718), np.float64(0.7467948717948718), np.float64(0.7467948717948718), np.float64(0.7467948717948718), np.float64(0.7467948717948718), np.float64(0.7467948717948718), np.float64(0.7467948717948718), np.float64(0.7467948717948718), np.float64(0.7467948717948718)]
Running feature selection based on simple genetic algorithm
--------------------------------------------------
Training time: 1580.25 seconds
Generation: 20
Parameters of the best solution : [486, 64, 110, 265, 328, 98, 508, 359, 417, 474, 537, 293, 196, 201, 242, 392, 424, 147, 409, 322, 505, 575, 452, 103, 378]
Fitness value of the best solution = 0.8589743589743589
[np.float64(0.808974358974359), np.float64(0.8352564102564103), np.float64(0.8352564102564103), np.float64(0.8352564102564103), np.float64(0.8455128205128205), np.float64(0.8455128205128205), np.float64(0.8455128205128205), np.float64(0.8455128205128205), np.float64(0.8519230769230769), np.float64(0.8519230769230769), np.float64(0.8519230769230769), np.float64(0.8519230769230769), np.float64(0.8519230769230769), np.float64(0.8519230769230769), np.float64(0.8519230769230769), np.float64(0.8519230769230769), np.float64(0.8519230769230769), np.float64(0.8519230769230769), np.float64(0.8557692307692307), np.float64(0.8589743589743589), np.float64(0.8589743589743589)]
------------------------------------------------
Feature selection method: classifier_chi2. Accuracy: 0.4
------------------------------------------------
Feature selection method: classifier_mutual_info_classif. Accuracy: 0.6923076923076923
------------------------------------------------
Feature selection method: classifier_mutual_info_regression. Accuracy: 0.6891025641025641
------------------------------------------------
Feature selection method: classifier_f_classif. Accuracy: 0.7416666666666667
------------------------------------------------
Feature selection method: classifier_f_regression. Accuracy: 0.6006410256410256



Parent Selection Type: sss
Number of Generations: 20
Features to select: 30
Dataset: isolet
Running feature selection based on other feature selection algorithms
--------------------------------------------------
Training time: 1723.39 seconds
Generation: 20
Parameters of the best solution : [0.17390441 0.72787644 0.48038382 0.48246193 0.59821809]
Fitness value of the best solution = 0.7852564102564102
[np.float64(0.7852564102564102), np.float64(0.7852564102564102), np.float64(0.7852564102564102), np.float64(0.7852564102564102), np.float64(0.7852564102564102), np.float64(0.7852564102564102), np.float64(0.7852564102564102), np.float64(0.7852564102564102), np.float64(0.7852564102564102), np.float64(0.7852564102564102), np.float64(0.7852564102564102), np.float64(0.7852564102564102), np.float64(0.7852564102564102), np.float64(0.7852564102564102), np.float64(0.7852564102564102), np.float64(0.7852564102564102), np.float64(0.7852564102564102), np.float64(0.7852564102564102), np.float64(0.7852564102564102), np.float64(0.7852564102564102), np.float64(0.7852564102564102)]
Running feature selection based on simple genetic algorithm
--------------------------------------------------
Training time: 1563.79 seconds
Generation: 20
Parameters of the best solution : [418, 23, 131, 184, 487, 537, 424, 496, 168, 357, 525, 409, 499, 394, 455, 414, 606, 88, 129, 80, 545, 100, 298, 549, 293, 328, 10, 223, 471, 518]
Fitness value of the best solution = 0.8846153846153846
[np.float64(0.8288461538461539), np.float64(0.833974358974359), np.float64(0.8448717948717949), np.float64(0.8487179487179487), np.float64(0.8512820512820513), np.float64(0.8512820512820513), np.float64(0.8583333333333333), np.float64(0.8641025641025641), np.float64(0.8641025641025641), np.float64(0.8641025641025641), np.float64(0.8641025641025641), np.float64(0.8641025641025641), np.float64(0.8692307692307693), np.float64(0.8692307692307693), np.float64(0.8692307692307693), np.float64(0.8692307692307693), np.float64(0.8717948717948718), np.float64(0.8717948717948718), np.float64(0.8839743589743589), np.float64(0.8846153846153846), np.float64(0.8846153846153846)]
------------------------------------------------
Feature selection method: classifier_chi2. Accuracy: 0.44294871794871793
------------------------------------------------
Feature selection method: classifier_mutual_info_classif. Accuracy: 0.7294871794871794
------------------------------------------------
Feature selection method: classifier_mutual_info_regression. Accuracy: 0.7256410256410256
------------------------------------------------
Feature selection method: classifier_f_classif. Accuracy: 0.7583333333333333
------------------------------------------------
Feature selection method: classifier_f_regression. Accuracy: 0.6102564102564103



Parent Selection Type: sss
Number of Generations: 20
Features to select: 35
Dataset: isolet
Running feature selection based on other feature selection algorithms
--------------------------------------------------
Training time: 1641.69 seconds
Generation: 20
Parameters of the best solution : [-0.05882314  0.41275185  0.04476509  0.58878605 -0.02607105]
Fitness value of the best solution = 0.7987179487179488
[np.float64(0.7948717948717948), np.float64(0.7948717948717948), np.float64(0.7948717948717948), np.float64(0.7948717948717948), np.float64(0.7948717948717948), np.float64(0.7948717948717948), np.float64(0.7948717948717948), np.float64(0.7948717948717948), np.float64(0.7948717948717948), np.float64(0.7948717948717948), np.float64(0.7948717948717948), np.float64(0.7948717948717948), np.float64(0.8166666666666667), np.float64(0.7948717948717948), np.float64(0.7948717948717948), np.float64(0.7987179487179488), np.float64(0.7987179487179488), np.float64(0.7987179487179488), np.float64(0.7987179487179488), np.float64(0.7987179487179488), np.float64(0.7987179487179488)]
Running feature selection based on simple genetic algorithm
--------------------------------------------------
Training time: 1518.14 seconds
Generation: 20
Parameters of the best solution : [459, 508, 295, 324, 479, 268, 361, 241, 414, 273, 171, 517, 527, 290, 45, 438, 173, 512, 21, 501, 538, 579, 545, 227, 39, 436, 542, 594, 118, 179, 391, 480, 143, 263, 410]
Fitness value of the best solution = 0.8865384615384615
[np.float64(0.8275641025641025), np.float64(0.8397435897435898), np.float64(0.8397435897435898), np.float64(0.8583333333333333), np.float64(0.8692307692307693), np.float64(0.8692307692307693), np.float64(0.875), np.float64(0.875), np.float64(0.875), np.float64(0.875), np.float64(0.8782051282051282), np.float64(0.8782051282051282), np.float64(0.8782051282051282), np.float64(0.8865384615384615), np.float64(0.8865384615384615), np.float64(0.8865384615384615), np.float64(0.8865384615384615), np.float64(0.8865384615384615), np.float64(0.8865384615384615), np.float64(0.8865384615384615), np.float64(0.8865384615384615)]
------------------------------------------------
Feature selection method: classifier_chi2. Accuracy: 0.5032051282051282
------------------------------------------------
Feature selection method: classifier_mutual_info_classif. Accuracy: 0.7288461538461538
------------------------------------------------
Feature selection method: classifier_mutual_info_regression. Accuracy: 0.7435897435897436
------------------------------------------------
Feature selection method: classifier_f_classif. Accuracy: 0.7660256410256411
------------------------------------------------
Feature selection method: classifier_f_regression. Accuracy: 0.6442307692307693



Parent Selection Type: sss
Number of Generations: 20
Features to select: 40
Dataset: isolet
Running feature selection based on other feature selection algorithms
--------------------------------------------------
Training time: 2021.72 seconds
Generation: 20
Parameters of the best solution : [0.66601655 0.67133278 0.73552051 0.77210227 0.01749342]
Fitness value of the best solution = 0.8108974358974359
[np.float64(0.8083333333333333), np.float64(0.8108974358974359), np.float64(0.8108974358974359), np.float64(0.8108974358974359), np.float64(0.8108974358974359), np.float64(0.8108974358974359), np.float64(0.8108974358974359), np.float64(0.8108974358974359), np.float64(0.8108974358974359), np.float64(0.8108974358974359), np.float64(0.8108974358974359), np.float64(0.8108974358974359), np.float64(0.8108974358974359), np.float64(0.8108974358974359), np.float64(0.8108974358974359), np.float64(0.8108974358974359), np.float64(0.8108974358974359), np.float64(0.8108974358974359), np.float64(0.8108974358974359), np.float64(0.8108974358974359), np.float64(0.8108974358974359)]
Running feature selection based on simple genetic algorithm
--------------------------------------------------
Training time: 1789.03 seconds
Generation: 20
Parameters of the best solution : [12, 291, 515, 69, 558, 452, 295, 327, 267, 0, 397, 521, 17, 579, 77, 464, 546, 280, 367, 504, 341, 480, 451, 213, 479, 535, 227, 614, 189, 381, 109, 410, 1, 138, 200, 500, 449, 450, 391, 418]
Fitness value of the best solution = 0.8967948717948718
[np.float64(0.8814102564102564), np.float64(0.8814102564102564), np.float64(0.8814102564102564), np.float64(0.8865384615384615), np.float64(0.8865384615384615), np.float64(0.8865384615384615), np.float64(0.8865384615384615), np.float64(0.8865384615384615), np.float64(0.8865384615384615), np.float64(0.8865384615384615), np.float64(0.8865384615384615), np.float64(0.8878205128205128), np.float64(0.8884615384615384), np.float64(0.8884615384615384), np.float64(0.8884615384615384), np.float64(0.8884615384615384), np.float64(0.8884615384615384), np.float64(0.8942307692307693), np.float64(0.8942307692307693), np.float64(0.8967948717948718), np.float64(0.8967948717948718)]
------------------------------------------------
Feature selection method: classifier_chi2. Accuracy: 0.5102564102564102
------------------------------------------------
Feature selection method: classifier_mutual_info_classif. Accuracy: 0.7461538461538462
------------------------------------------------
Feature selection method: classifier_mutual_info_regression. Accuracy: 0.7532051282051282
------------------------------------------------
Feature selection method: classifier_f_classif. Accuracy: 0.7807692307692308
------------------------------------------------
Feature selection method: classifier_f_regression. Accuracy: 0.6435897435897436



Parent Selection Type: rank
Number of Generations: 20
Features to select: 5
Dataset: isolet
Running feature selection based on other feature selection algorithms
--------------------------------------------------
Training time: 603.02 seconds
Generation: 20
Parameters of the best solution : [0.2675763  0.88515606 0.47086213 0.5909413  0.88366551]
Fitness value of the best solution = 0.4846153846153846
[np.float64(0.4846153846153846), np.float64(0.4846153846153846), np.float64(0.4846153846153846), np.float64(0.4846153846153846), np.float64(0.4846153846153846), np.float64(0.4846153846153846), np.float64(0.4846153846153846), np.float64(0.4846153846153846), np.float64(0.4846153846153846), np.float64(0.4846153846153846), np.float64(0.4846153846153846), np.float64(0.4846153846153846), np.float64(0.4846153846153846), np.float64(0.4846153846153846), np.float64(0.4846153846153846), np.float64(0.4846153846153846), np.float64(0.4846153846153846), np.float64(0.4846153846153846), np.float64(0.4846153846153846), np.float64(0.4846153846153846), np.float64(0.4846153846153846)]
Running feature selection based on simple genetic algorithm
--------------------------------------------------
Training time: 863.41 seconds
Generation: 20
Parameters of the best solution : [135, 202, 457, 379, 535]
Fitness value of the best solution = 0.4032051282051282
[np.float64(0.35833333333333334), np.float64(0.36730769230769234), np.float64(0.36730769230769234), np.float64(0.36730769230769234), np.float64(0.36730769230769234), np.float64(0.36730769230769234), np.float64(0.36730769230769234), np.float64(0.36730769230769234), np.float64(0.36730769230769234), np.float64(0.36730769230769234), np.float64(0.36730769230769234), np.float64(0.36730769230769234), np.float64(0.36730769230769234), np.float64(0.36730769230769234), np.float64(0.36730769230769234), np.float64(0.36730769230769234), np.float64(0.36730769230769234), np.float64(0.4032051282051282), np.float64(0.4032051282051282), np.float64(0.4032051282051282), np.float64(0.4032051282051282)]
------------------------------------------------
Feature selection method: classifier_chi2. Accuracy: 0.20064102564102565
------------------------------------------------
Feature selection method: classifier_mutual_info_classif. Accuracy: 0.3269230769230769
------------------------------------------------
Feature selection method: classifier_mutual_info_regression. Accuracy: 0.3121794871794872
------------------------------------------------
Feature selection method: classifier_f_classif. Accuracy: 0.23333333333333334
------------------------------------------------
Feature selection method: classifier_f_regression. Accuracy: 0.258974358974359



Parent Selection Type: rank
Number of Generations: 20
Features to select: 10
Dataset: isolet
Running feature selection based on other feature selection algorithms
--------------------------------------------------
Training time: 913.40 seconds
Generation: 20
Parameters of the best solution : [-0.51541771  0.32643315  0.68876086  0.91385624 -0.43810939]
Fitness value of the best solution = 0.5666666666666667
[np.float64(0.5769230769230769), np.float64(0.5647435897435897), np.float64(0.5666666666666667), np.float64(0.5666666666666667), np.float64(0.5666666666666667), np.float64(0.5666666666666667), np.float64(0.5666666666666667), np.float64(0.5666666666666667), np.float64(0.5666666666666667), np.float64(0.5666666666666667), np.float64(0.5666666666666667), np.float64(0.5666666666666667), np.float64(0.5666666666666667), np.float64(0.5666666666666667), np.float64(0.5666666666666667), np.float64(0.5666666666666667), np.float64(0.5666666666666667), np.float64(0.5666666666666667), np.float64(0.5666666666666667), np.float64(0.5666666666666667), np.float64(0.5666666666666667)]
Running feature selection based on simple genetic algorithm
--------------------------------------------------
Training time: 1067.10 seconds
Generation: 20
Parameters of the best solution : [381, 522, 242, 392, 591, 266, 344, 210, 69, 187]
Fitness value of the best solution = 0.610897435897436
[np.float64(0.6038461538461538), np.float64(0.610897435897436), np.float64(0.610897435897436), np.float64(0.610897435897436), np.float64(0.610897435897436), np.float64(0.610897435897436), np.float64(0.610897435897436), np.float64(0.610897435897436), np.float64(0.610897435897436), np.float64(0.610897435897436), np.float64(0.610897435897436), np.float64(0.610897435897436), np.float64(0.610897435897436), np.float64(0.610897435897436), np.float64(0.610897435897436), np.float64(0.610897435897436), np.float64(0.610897435897436), np.float64(0.610897435897436), np.float64(0.610897435897436), np.float64(0.610897435897436), np.float64(0.610897435897436)]
------------------------------------------------
Feature selection method: classifier_chi2. Accuracy: 0.2724358974358974
------------------------------------------------
Feature selection method: classifier_mutual_info_classif. Accuracy: 0.5326923076923077
------------------------------------------------
Feature selection method: classifier_mutual_info_regression. Accuracy: 0.5307692307692308
------------------------------------------------
Feature selection method: classifier_f_classif. Accuracy: 0.5121794871794871
------------------------------------------------
Feature selection method: classifier_f_regression. Accuracy: 0.48012820512820514



Parent Selection Type: rank
Number of Generations: 20
Features to select: 15
Dataset: isolet
Running feature selection based on other feature selection algorithms
--------------------------------------------------
Training time: 1065.51 seconds
Generation: 20
Parameters of the best solution : [0.77855094 0.910765   0.31949433 0.31622743 0.36233508]
Fitness value of the best solution = 0.6891025641025641
[np.float64(0.6891025641025641), np.float64(0.6891025641025641), np.float64(0.6891025641025641), np.float64(0.6891025641025641), np.float64(0.6891025641025641), np.float64(0.6891025641025641), np.float64(0.6891025641025641), np.float64(0.6891025641025641), np.float64(0.6891025641025641), np.float64(0.6891025641025641), np.float64(0.6891025641025641), np.float64(0.6891025641025641), np.float64(0.6891025641025641), np.float64(0.6891025641025641), np.float64(0.6891025641025641), np.float64(0.6891025641025641), np.float64(0.6891025641025641), np.float64(0.6891025641025641), np.float64(0.6891025641025641), np.float64(0.6891025641025641), np.float64(0.6891025641025641)]
Running feature selection based on simple genetic algorithm
--------------------------------------------------
Training time: 1057.63 seconds
Generation: 20
Parameters of the best solution : [70, 610, 312, 491, 411, 583, 465, 595, 119, 348, 63, 100, 91, 130, 455]
Fitness value of the best solution = 0.7108974358974359
[np.float64(0.6942307692307692), np.float64(0.7038461538461539), np.float64(0.7108974358974359), np.float64(0.7108974358974359), np.float64(0.7108974358974359), np.float64(0.7108974358974359), np.float64(0.7108974358974359), np.float64(0.7108974358974359), np.float64(0.7108974358974359), np.float64(0.7108974358974359), np.float64(0.7108974358974359), np.float64(0.7108974358974359), np.float64(0.7108974358974359), np.float64(0.7108974358974359), np.float64(0.7108974358974359), np.float64(0.7108974358974359), np.float64(0.7108974358974359), np.float64(0.7108974358974359), np.float64(0.7108974358974359), np.float64(0.7108974358974359), np.float64(0.7108974358974359)]
------------------------------------------------
Feature selection method: classifier_chi2. Accuracy: 0.36666666666666664
------------------------------------------------
Feature selection method: classifier_mutual_info_classif. Accuracy: 0.5717948717948718
------------------------------------------------
Feature selection method: classifier_mutual_info_regression. Accuracy: 0.5762820512820512
------------------------------------------------
Feature selection method: classifier_f_classif. Accuracy: 0.6384615384615384
------------------------------------------------
Feature selection method: classifier_f_regression. Accuracy: 0.5365384615384615



Parent Selection Type: rank
Number of Generations: 20
Features to select: 20
Dataset: isolet
Running feature selection based on other feature selection algorithms
--------------------------------------------------
Training time: 1328.07 seconds
Generation: 20
Parameters of the best solution : [0.33881825 0.06709369 0.77828077 0.62185849 0.79974214]
Fitness value of the best solution = 0.7371794871794872
[np.float64(0.7371794871794872), np.float64(0.7371794871794872), np.float64(0.7371794871794872), np.float64(0.7371794871794872), np.float64(0.7371794871794872), np.float64(0.7371794871794872), np.float64(0.7371794871794872), np.float64(0.7371794871794872), np.float64(0.7371794871794872), np.float64(0.7371794871794872), np.float64(0.7371794871794872), np.float64(0.7371794871794872), np.float64(0.7371794871794872), np.float64(0.7371794871794872), np.float64(0.7371794871794872), np.float64(0.7371794871794872), np.float64(0.7371794871794872), np.float64(0.7371794871794872), np.float64(0.7371794871794872), np.float64(0.7371794871794872), np.float64(0.7371794871794872)]
Running feature selection based on simple genetic algorithm
--------------------------------------------------
Training time: 1369.69 seconds
Generation: 20
Parameters of the best solution : [190, 198, 352, 21, 265, 410, 469, 73, 456, 462, 2, 301, 327, 596, 278, 216, 480, 227, 440, 484]
Fitness value of the best solution = 0.7980769230769231
[np.float64(0.7980769230769231), np.float64(0.7980769230769231), np.float64(0.7980769230769231), np.float64(0.7980769230769231), np.float64(0.7980769230769231), np.float64(0.7980769230769231), np.float64(0.7980769230769231), np.float64(0.7980769230769231), np.float64(0.7980769230769231), np.float64(0.7980769230769231), np.float64(0.7980769230769231), np.float64(0.7980769230769231), np.float64(0.7980769230769231), np.float64(0.7980769230769231), np.float64(0.7980769230769231), np.float64(0.7980769230769231), np.float64(0.7980769230769231), np.float64(0.7980769230769231), np.float64(0.7980769230769231), np.float64(0.7980769230769231), np.float64(0.7980769230769231)]
------------------------------------------------
Feature selection method: classifier_chi2. Accuracy: 0.39294871794871794
------------------------------------------------
Feature selection method: classifier_mutual_info_classif. Accuracy: 0.642948717948718
------------------------------------------------
Feature selection method: classifier_mutual_info_regression. Accuracy: 0.6621794871794872
------------------------------------------------
Feature selection method: classifier_f_classif. Accuracy: 0.6948717948717948
------------------------------------------------
Feature selection method: classifier_f_regression. Accuracy: 0.5814102564102565



Parent Selection Type: rank
Number of Generations: 20
Features to select: 25
Dataset: isolet
Running feature selection based on other feature selection algorithms
--------------------------------------------------
Training time: 1540.47 seconds
Generation: 20
Parameters of the best solution : [0.86884493 0.51163325 0.57339675 0.8538256  0.46701222]
Fitness value of the best solution = 0.7403846153846154
[np.float64(0.7403846153846154), np.float64(0.7403846153846154), np.float64(0.7403846153846154), np.float64(0.7403846153846154), np.float64(0.7403846153846154), np.float64(0.7403846153846154), np.float64(0.7403846153846154), np.float64(0.7403846153846154), np.float64(0.7403846153846154), np.float64(0.7403846153846154), np.float64(0.7403846153846154), np.float64(0.7403846153846154), np.float64(0.7403846153846154), np.float64(0.7403846153846154), np.float64(0.7403846153846154), np.float64(0.7403846153846154), np.float64(0.7403846153846154), np.float64(0.7403846153846154), np.float64(0.7403846153846154), np.float64(0.7403846153846154), np.float64(0.7403846153846154)]
