Sun 26 Jan 2025 13:22:19 IST

SLURM_JOBID:		 2463392
SLURM_JOB_NODELIST:	 ise-cpu-intl-12 


reading isolet
reading spambase



Parent Selection Type: sss
Number of Generations: 35
Features to select: 5
Dataset: isolet
Running feature selection based on other feature selection algorithms
--------------------------------------------------
Training time: 1466.61 seconds
Generation: 35
Parameters of the best solution : [0.02058449 0.96990985 0.83244264 0.21233911 0.18182497]
Fitness value of the best solution = 0.49038461538461536
[np.float64(0.49038461538461536), np.float64(0.49038461538461536), np.float64(0.49038461538461536), np.float64(0.49038461538461536), np.float64(0.49038461538461536), np.float64(0.49038461538461536), np.float64(0.49038461538461536), np.float64(0.49038461538461536), np.float64(0.49038461538461536), np.float64(0.49038461538461536), np.float64(0.49038461538461536), np.float64(0.49038461538461536), np.float64(0.49038461538461536), np.float64(0.49038461538461536), np.float64(0.49038461538461536), np.float64(0.49038461538461536), np.float64(0.49038461538461536), np.float64(0.49038461538461536), np.float64(0.49038461538461536), np.float64(0.49038461538461536), np.float64(0.49038461538461536), np.float64(0.49038461538461536), np.float64(0.49038461538461536), np.float64(0.49038461538461536), np.float64(0.49038461538461536), np.float64(0.49038461538461536), np.float64(0.49038461538461536), np.float64(0.49038461538461536), np.float64(0.49038461538461536), np.float64(0.49038461538461536), np.float64(0.49038461538461536), np.float64(0.49038461538461536), np.float64(0.49038461538461536), np.float64(0.49038461538461536), np.float64(0.49038461538461536), np.float64(0.49038461538461536)]
Running feature selection based on simple genetic algorithm
--------------------------------------------------
Training time: 1475.13 seconds
Generation: 35
Parameters of the best solution : [515, 103, 415, 10, 424]
Fitness value of the best solution = 0.49743589743589745
[np.float64(0.35512820512820514), np.float64(0.38653846153846155), np.float64(0.38653846153846155), np.float64(0.41410256410256413), np.float64(0.43653846153846154), np.float64(0.43653846153846154), np.float64(0.43653846153846154), np.float64(0.43653846153846154), np.float64(0.43653846153846154), np.float64(0.43653846153846154), np.float64(0.4551282051282051), np.float64(0.4551282051282051), np.float64(0.4551282051282051), np.float64(0.46923076923076923), np.float64(0.46923076923076923), np.float64(0.46923076923076923), np.float64(0.46923076923076923), np.float64(0.4782051282051282), np.float64(0.491025641025641), np.float64(0.491025641025641), np.float64(0.491025641025641), np.float64(0.491025641025641), np.float64(0.49743589743589745), np.float64(0.49743589743589745), np.float64(0.49743589743589745), np.float64(0.49743589743589745), np.float64(0.49743589743589745), np.float64(0.49743589743589745), np.float64(0.49743589743589745), np.float64(0.49743589743589745), np.float64(0.49743589743589745), np.float64(0.49743589743589745), np.float64(0.49743589743589745), np.float64(0.49743589743589745), np.float64(0.49743589743589745), np.float64(0.49743589743589745)]
------------------------------------------------
Feature selection method: classifier_chi2. Accuracy: 0.20064102564102565
------------------------------------------------
Feature selection method: classifier_mutual_info_classif. Accuracy: 0.3269230769230769
------------------------------------------------
Feature selection method: classifier_mutual_info_regression. Accuracy: 0.3121794871794872
------------------------------------------------
Feature selection method: classifier_f_classif. Accuracy: 0.23333333333333334
------------------------------------------------
Feature selection method: classifier_f_regression. Accuracy: 0.258974358974359



Parent Selection Type: sss
Number of Generations: 35
Features to select: 10
Dataset: isolet
Running feature selection based on other feature selection algorithms
--------------------------------------------------
Training time: 1907.58 seconds
Generation: 35
Parameters of the best solution : [0.64277655 0.58768475 0.89579287 0.65318719 0.34905242]
Fitness value of the best solution = 0.6326923076923077
[np.float64(0.6326923076923077), np.float64(0.6326923076923077), np.float64(0.6326923076923077), np.float64(0.6326923076923077), np.float64(0.6326923076923077), np.float64(0.6326923076923077), np.float64(0.6326923076923077), np.float64(0.6326923076923077), np.float64(0.6326923076923077), np.float64(0.6326923076923077), np.float64(0.6326923076923077), np.float64(0.6326923076923077), np.float64(0.6326923076923077), np.float64(0.6326923076923077), np.float64(0.6326923076923077), np.float64(0.6326923076923077), np.float64(0.6326923076923077), np.float64(0.6326923076923077), np.float64(0.6326923076923077), np.float64(0.6326923076923077), np.float64(0.6326923076923077), np.float64(0.6326923076923077), np.float64(0.6326923076923077), np.float64(0.6326923076923077), np.float64(0.6326923076923077), np.float64(0.6326923076923077), np.float64(0.6326923076923077), np.float64(0.6326923076923077), np.float64(0.6326923076923077), np.float64(0.6326923076923077), np.float64(0.6326923076923077), np.float64(0.6326923076923077), np.float64(0.6326923076923077), np.float64(0.6326923076923077), np.float64(0.6326923076923077), np.float64(0.6326923076923077)]
Running feature selection based on simple genetic algorithm
--------------------------------------------------
Training time: 1820.99 seconds
Generation: 35
Parameters of the best solution : [7, 105, 493, 139, 238, 359, 416, 513, 176, 372]
Fitness value of the best solution = 0.7346153846153847
[np.float64(0.657051282051282), np.float64(0.7025641025641025), np.float64(0.7025641025641025), np.float64(0.7025641025641025), np.float64(0.7070512820512821), np.float64(0.7230769230769231), np.float64(0.7230769230769231), np.float64(0.7230769230769231), np.float64(0.7230769230769231), np.float64(0.7230769230769231), np.float64(0.7230769230769231), np.float64(0.7230769230769231), np.float64(0.7230769230769231), np.float64(0.7230769230769231), np.float64(0.7230769230769231), np.float64(0.7230769230769231), np.float64(0.7230769230769231), np.float64(0.7230769230769231), np.float64(0.7230769230769231), np.float64(0.7256410256410256), np.float64(0.7282051282051282), np.float64(0.7346153846153847), np.float64(0.7346153846153847), np.float64(0.7346153846153847), np.float64(0.7346153846153847), np.float64(0.7346153846153847), np.float64(0.7346153846153847), np.float64(0.7346153846153847), np.float64(0.7346153846153847), np.float64(0.7346153846153847), np.float64(0.7346153846153847), np.float64(0.7346153846153847), np.float64(0.7346153846153847), np.float64(0.7346153846153847), np.float64(0.7346153846153847), np.float64(0.7346153846153847)]
------------------------------------------------
Feature selection method: classifier_chi2. Accuracy: 0.2724358974358974
------------------------------------------------
Feature selection method: classifier_mutual_info_classif. Accuracy: 0.5326923076923077
------------------------------------------------
Feature selection method: classifier_mutual_info_regression. Accuracy: 0.5307692307692308
------------------------------------------------
Feature selection method: classifier_f_classif. Accuracy: 0.5121794871794871
------------------------------------------------
Feature selection method: classifier_f_regression. Accuracy: 0.48012820512820514



Parent Selection Type: sss
Number of Generations: 35
Features to select: 15
Dataset: isolet
Running feature selection based on other feature selection algorithms
--------------------------------------------------
Training time: 1974.11 seconds
Generation: 35
Parameters of the best solution : [0.11571239 0.40171592 0.45840505 0.8486278  0.75864859]
Fitness value of the best solution = 0.6801282051282052
[np.float64(0.6801282051282052), np.float64(0.6801282051282052), np.float64(0.6801282051282052), np.float64(0.6801282051282052), np.float64(0.6801282051282052), np.float64(0.6801282051282052), np.float64(0.6801282051282052), np.float64(0.6801282051282052), np.float64(0.6801282051282052), np.float64(0.6801282051282052), np.float64(0.6801282051282052), np.float64(0.6801282051282052), np.float64(0.6801282051282052), np.float64(0.6801282051282052), np.float64(0.6801282051282052), np.float64(0.6801282051282052), np.float64(0.6801282051282052), np.float64(0.6801282051282052), np.float64(0.6801282051282052), np.float64(0.6801282051282052), np.float64(0.6801282051282052), np.float64(0.6801282051282052), np.float64(0.6801282051282052), np.float64(0.6801282051282052), np.float64(0.6801282051282052), np.float64(0.6801282051282052), np.float64(0.6801282051282052), np.float64(0.6801282051282052), np.float64(0.6801282051282052), np.float64(0.6801282051282052), np.float64(0.6801282051282052), np.float64(0.6801282051282052), np.float64(0.6801282051282052), np.float64(0.6801282051282052), np.float64(0.6801282051282052), np.float64(0.6801282051282052)]
Running feature selection based on simple genetic algorithm
--------------------------------------------------
Training time: 1881.81 seconds
Generation: 35
Parameters of the best solution : [177, 512, 39, 456, 518, 79, 263, 361, 167, 382, 507, 89, 170, 462, 424]
Fitness value of the best solution = 0.7974358974358975
[np.float64(0.7243589743589743), np.float64(0.7724358974358975), np.float64(0.7724358974358975), np.float64(0.7724358974358975), np.float64(0.7724358974358975), np.float64(0.7724358974358975), np.float64(0.7724358974358975), np.float64(0.7724358974358975), np.float64(0.7724358974358975), np.float64(0.7737179487179487), np.float64(0.7737179487179487), np.float64(0.7737179487179487), np.float64(0.7737179487179487), np.float64(0.7737179487179487), np.float64(0.7788461538461539), np.float64(0.7858974358974359), np.float64(0.7858974358974359), np.float64(0.7858974358974359), np.float64(0.7858974358974359), np.float64(0.7858974358974359), np.float64(0.7858974358974359), np.float64(0.7858974358974359), np.float64(0.7858974358974359), np.float64(0.7858974358974359), np.float64(0.7858974358974359), np.float64(0.7858974358974359), np.float64(0.7858974358974359), np.float64(0.7858974358974359), np.float64(0.7858974358974359), np.float64(0.7858974358974359), np.float64(0.7878205128205128), np.float64(0.7974358974358975), np.float64(0.7974358974358975), np.float64(0.7974358974358975), np.float64(0.7974358974358975), np.float64(0.7974358974358975)]
------------------------------------------------
Feature selection method: classifier_chi2. Accuracy: 0.36666666666666664
------------------------------------------------
Feature selection method: classifier_mutual_info_classif. Accuracy: 0.5717948717948718
------------------------------------------------
Feature selection method: classifier_mutual_info_regression. Accuracy: 0.5762820512820512
------------------------------------------------
Feature selection method: classifier_f_classif. Accuracy: 0.6384615384615384
------------------------------------------------
Feature selection method: classifier_f_regression. Accuracy: 0.5365384615384615



Parent Selection Type: sss
Number of Generations: 35
Features to select: 20
Dataset: isolet
Running feature selection based on other feature selection algorithms
--------------------------------------------------
Training time: 2485.81 seconds
Generation: 35
Parameters of the best solution : [-0.75964134 -0.02709211  0.90212919  0.31078938  0.54377724]
Fitness value of the best solution = 0.698076923076923
[np.float64(0.6717948717948717), np.float64(0.6717948717948717), np.float64(0.6717948717948717), np.float64(0.6717948717948717), np.float64(0.698076923076923), np.float64(0.698076923076923), np.float64(0.698076923076923), np.float64(0.698076923076923), np.float64(0.698076923076923), np.float64(0.698076923076923), np.float64(0.698076923076923), np.float64(0.698076923076923), np.float64(0.698076923076923), np.float64(0.698076923076923), np.float64(0.698076923076923), np.float64(0.698076923076923), np.float64(0.698076923076923), np.float64(0.698076923076923), np.float64(0.698076923076923), np.float64(0.698076923076923), np.float64(0.698076923076923), np.float64(0.698076923076923), np.float64(0.698076923076923), np.float64(0.698076923076923), np.float64(0.698076923076923), np.float64(0.698076923076923), np.float64(0.698076923076923), np.float64(0.698076923076923), np.float64(0.698076923076923), np.float64(0.698076923076923), np.float64(0.698076923076923), np.float64(0.698076923076923), np.float64(0.698076923076923), np.float64(0.698076923076923), np.float64(0.698076923076923), np.float64(0.698076923076923)]
Running feature selection based on simple genetic algorithm
--------------------------------------------------
Training time: 2267.43 seconds
Generation: 35
Parameters of the best solution : [344, 560, 179, 416, 205, 427, 329, 480, 14, 350, 96, 267, 183, 2, 313, 536, 455, 393, 491, 105]
Fitness value of the best solution = 0.8455128205128205
[np.float64(0.7961538461538461), np.float64(0.7961538461538461), np.float64(0.8032051282051282), np.float64(0.808974358974359), np.float64(0.808974358974359), np.float64(0.808974358974359), np.float64(0.8121794871794872), np.float64(0.8121794871794872), np.float64(0.8121794871794872), np.float64(0.8121794871794872), np.float64(0.8121794871794872), np.float64(0.8128205128205128), np.float64(0.8128205128205128), np.float64(0.8128205128205128), np.float64(0.8128205128205128), np.float64(0.8198717948717948), np.float64(0.8198717948717948), np.float64(0.8198717948717948), np.float64(0.8198717948717948), np.float64(0.8198717948717948), np.float64(0.8198717948717948), np.float64(0.8282051282051283), np.float64(0.8314102564102565), np.float64(0.8314102564102565), np.float64(0.8371794871794872), np.float64(0.8371794871794872), np.float64(0.8435897435897436), np.float64(0.8435897435897436), np.float64(0.8455128205128205), np.float64(0.8455128205128205), np.float64(0.8455128205128205), np.float64(0.8455128205128205), np.float64(0.8455128205128205), np.float64(0.8455128205128205), np.float64(0.8455128205128205), np.float64(0.8455128205128205)]
------------------------------------------------
Feature selection method: classifier_chi2. Accuracy: 0.39294871794871794
------------------------------------------------
Feature selection method: classifier_mutual_info_classif. Accuracy: 0.642948717948718
------------------------------------------------
Feature selection method: classifier_mutual_info_regression. Accuracy: 0.6621794871794872
------------------------------------------------
Feature selection method: classifier_f_classif. Accuracy: 0.6948717948717948
------------------------------------------------
Feature selection method: classifier_f_regression. Accuracy: 0.5814102564102565



Parent Selection Type: sss
Number of Generations: 35
Features to select: 25
Dataset: isolet
Running feature selection based on other feature selection algorithms
--------------------------------------------------
Training time: 2107.71 seconds
Generation: 35
Parameters of the best solution : [ 0.82423126  0.29345357 -0.71685502  0.89678237  0.59991126]
Fitness value of the best solution = 0.7608974358974359
[np.float64(0.7480769230769231), np.float64(0.7480769230769231), np.float64(0.7480769230769231), np.float64(0.7480769230769231), np.float64(0.7480769230769231), np.float64(0.7480769230769231), np.float64(0.7480769230769231), np.float64(0.7608974358974359), np.float64(0.7608974358974359), np.float64(0.7608974358974359), np.float64(0.7608974358974359), np.float64(0.7608974358974359), np.float64(0.7608974358974359), np.float64(0.7608974358974359), np.float64(0.7608974358974359), np.float64(0.7608974358974359), np.float64(0.7608974358974359), np.float64(0.7608974358974359), np.float64(0.7608974358974359), np.float64(0.7608974358974359), np.float64(0.7608974358974359), np.float64(0.7608974358974359), np.float64(0.7608974358974359), np.float64(0.7608974358974359), np.float64(0.7608974358974359), np.float64(0.7608974358974359), np.float64(0.7608974358974359), np.float64(0.7608974358974359), np.float64(0.7608974358974359), np.float64(0.7608974358974359), np.float64(0.7608974358974359), np.float64(0.7608974358974359), np.float64(0.7608974358974359), np.float64(0.7608974358974359), np.float64(0.7608974358974359), np.float64(0.7608974358974359)]
Running feature selection based on simple genetic algorithm
--------------------------------------------------
Training time: 2692.77 seconds
Generation: 35
Parameters of the best solution : [139, 411, 206, 304, 294, 52, 545, 453, 517, 45, 501, 548, 168, 265, 561, 362, 318, 203, 357, 178, 417, 473, 524, 39, 99]
Fitness value of the best solution = 0.8634615384615385
[np.float64(0.7974358974358975), np.float64(0.8064102564102564), np.float64(0.8076923076923077), np.float64(0.808974358974359), np.float64(0.8108974358974359), np.float64(0.8365384615384616), np.float64(0.8365384615384616), np.float64(0.8365384615384616), np.float64(0.8397435897435898), np.float64(0.8397435897435898), np.float64(0.8397435897435898), np.float64(0.8442307692307692), np.float64(0.8442307692307692), np.float64(0.8442307692307692), np.float64(0.8525641025641025), np.float64(0.8525641025641025), np.float64(0.8525641025641025), np.float64(0.8525641025641025), np.float64(0.8576923076923076), np.float64(0.8576923076923076), np.float64(0.8576923076923076), np.float64(0.8576923076923076), np.float64(0.8576923076923076), np.float64(0.8576923076923076), np.float64(0.8576923076923076), np.float64(0.8576923076923076), np.float64(0.8634615384615385), np.float64(0.8634615384615385), np.float64(0.8634615384615385), np.float64(0.8634615384615385), np.float64(0.8634615384615385), np.float64(0.8634615384615385), np.float64(0.8634615384615385), np.float64(0.8634615384615385), np.float64(0.8634615384615385), np.float64(0.8634615384615385)]
------------------------------------------------
Feature selection method: classifier_chi2. Accuracy: 0.4
------------------------------------------------
Feature selection method: classifier_mutual_info_classif. Accuracy: 0.6923076923076923
------------------------------------------------
Feature selection method: classifier_mutual_info_regression. Accuracy: 0.6891025641025641
------------------------------------------------
Feature selection method: classifier_f_classif. Accuracy: 0.7416666666666667
------------------------------------------------
Feature selection method: classifier_f_regression. Accuracy: 0.6006410256410256



Parent Selection Type: sss
Number of Generations: 35
Features to select: 30
Dataset: isolet
Running feature selection based on other feature selection algorithms
--------------------------------------------------
Training time: 2124.80 seconds
Generation: 35
Parameters of the best solution : [0.98826409 0.07835044 0.7525281  0.28866396 0.90929874]
Fitness value of the best solution = 0.6916666666666667
[np.float64(0.6916666666666667), np.float64(0.6916666666666667), np.float64(0.6916666666666667), np.float64(0.6916666666666667), np.float64(0.7307692307692307), np.float64(0.6916666666666667), np.float64(0.6916666666666667), np.float64(0.6916666666666667), np.float64(0.6916666666666667), np.float64(0.6916666666666667), np.float64(0.6916666666666667), np.float64(0.6916666666666667), np.float64(0.6916666666666667), np.float64(0.6916666666666667), np.float64(0.6916666666666667), np.float64(0.6916666666666667), np.float64(0.6916666666666667), np.float64(0.6916666666666667), np.float64(0.6916666666666667), np.float64(0.6916666666666667), np.float64(0.6916666666666667), np.float64(0.6916666666666667), np.float64(0.6916666666666667), np.float64(0.6916666666666667), np.float64(0.6916666666666667), np.float64(0.6916666666666667), np.float64(0.6916666666666667), np.float64(0.6916666666666667), np.float64(0.6916666666666667), np.float64(0.6916666666666667), np.float64(0.6916666666666667), np.float64(0.6916666666666667), np.float64(0.6916666666666667), np.float64(0.6916666666666667), np.float64(0.6916666666666667), np.float64(0.6916666666666667)]
Running feature selection based on simple genetic algorithm
--------------------------------------------------
Training time: 2432.93 seconds
Generation: 35
Parameters of the best solution : [20, 206, 525, 329, 386, 474, 415, 480, 319, 359, 218, 568, 16, 8, 201, 377, 384, 452, 426, 193, 433, 309, 460, 147, 427, 166, 397, 164, 421, 487]
Fitness value of the best solution = 0.892948717948718
[np.float64(0.85), np.float64(0.85), np.float64(0.85), np.float64(0.85), np.float64(0.8660256410256411), np.float64(0.8660256410256411), np.float64(0.8660256410256411), np.float64(0.8660256410256411), np.float64(0.8660256410256411), np.float64(0.8660256410256411), np.float64(0.8660256410256411), np.float64(0.8660256410256411), np.float64(0.8660256410256411), np.float64(0.8692307692307693), np.float64(0.889102564102564), np.float64(0.889102564102564), np.float64(0.889102564102564), np.float64(0.889102564102564), np.float64(0.889102564102564), np.float64(0.889102564102564), np.float64(0.889102564102564), np.float64(0.892948717948718), np.float64(0.892948717948718), np.float64(0.892948717948718), np.float64(0.892948717948718), np.float64(0.892948717948718), np.float64(0.892948717948718), np.float64(0.892948717948718), np.float64(0.892948717948718), np.float64(0.892948717948718), np.float64(0.892948717948718), np.float64(0.892948717948718), np.float64(0.892948717948718), np.float64(0.892948717948718), np.float64(0.892948717948718), np.float64(0.892948717948718)]
------------------------------------------------
Feature selection method: classifier_chi2. Accuracy: 0.44294871794871793
------------------------------------------------
Feature selection method: classifier_mutual_info_classif. Accuracy: 0.7294871794871794
------------------------------------------------
Feature selection method: classifier_mutual_info_regression. Accuracy: 0.7256410256410256
------------------------------------------------
Feature selection method: classifier_f_classif. Accuracy: 0.7583333333333333
------------------------------------------------
Feature selection method: classifier_f_regression. Accuracy: 0.6102564102564103



Parent Selection Type: sss
Number of Generations: 35
Features to select: 35
Dataset: isolet
Running feature selection based on other feature selection algorithms
--------------------------------------------------
Training time: 2344.86 seconds
Generation: 35
Parameters of the best solution : [-0.29254757  0.28549132  0.16712891  0.90495963 -0.16927382]
Fitness value of the best solution = 0.7884615384615384
[np.float64(0.775), np.float64(0.7852564102564102), np.float64(0.7852564102564102), np.float64(0.7884615384615384), np.float64(0.7884615384615384), np.float64(0.7884615384615384), np.float64(0.7884615384615384), np.float64(0.7884615384615384), np.float64(0.7884615384615384), np.float64(0.7884615384615384), np.float64(0.7884615384615384), np.float64(0.7884615384615384), np.float64(0.7884615384615384), np.float64(0.7884615384615384), np.float64(0.7884615384615384), np.float64(0.7884615384615384), np.float64(0.7884615384615384), np.float64(0.7884615384615384), np.float64(0.7884615384615384), np.float64(0.7884615384615384), np.float64(0.7884615384615384), np.float64(0.7884615384615384), np.float64(0.7884615384615384), np.float64(0.7884615384615384), np.float64(0.7884615384615384), np.float64(0.7884615384615384), np.float64(0.7884615384615384), np.float64(0.7884615384615384), np.float64(0.7884615384615384), np.float64(0.7884615384615384), np.float64(0.7884615384615384), np.float64(0.7884615384615384), np.float64(0.7884615384615384), np.float64(0.7884615384615384), np.float64(0.7884615384615384), np.float64(0.7884615384615384)]
Running feature selection based on simple genetic algorithm
--------------------------------------------------
Training time: 2421.43 seconds
Generation: 35
Parameters of the best solution : [211, 265, 7, 206, 133, 109, 354, 586, 325, 400, 302, 500, 450, 440, 238, 493, 222, 372, 583, 512, 537, 171, 502, 417, 469, 31, 411, 455, 330, 185, 362, 297, 520, 545, 598]
Fitness value of the best solution = 0.8942307692307693
[np.float64(0.8615384615384616), np.float64(0.8615384615384616), np.float64(0.8711538461538462), np.float64(0.8711538461538462), np.float64(0.8717948717948718), np.float64(0.8775641025641026), np.float64(0.8775641025641026), np.float64(0.8775641025641026), np.float64(0.8775641025641026), np.float64(0.8775641025641026), np.float64(0.8788461538461538), np.float64(0.8788461538461538), np.float64(0.8788461538461538), np.float64(0.8788461538461538), np.float64(0.8942307692307693), np.float64(0.8942307692307693), np.float64(0.8942307692307693), np.float64(0.8942307692307693), np.float64(0.8942307692307693), np.float64(0.8942307692307693), np.float64(0.8942307692307693), np.float64(0.8942307692307693), np.float64(0.8942307692307693), np.float64(0.8942307692307693), np.float64(0.8942307692307693), np.float64(0.8942307692307693), np.float64(0.8942307692307693), np.float64(0.8942307692307693), np.float64(0.8942307692307693), np.float64(0.8942307692307693), np.float64(0.8942307692307693), np.float64(0.8942307692307693), np.float64(0.8942307692307693), np.float64(0.8942307692307693), np.float64(0.8942307692307693), np.float64(0.8942307692307693)]
------------------------------------------------
Feature selection method: classifier_chi2. Accuracy: 0.5032051282051282
------------------------------------------------
Feature selection method: classifier_mutual_info_classif. Accuracy: 0.7288461538461538
------------------------------------------------
Feature selection method: classifier_mutual_info_regression. Accuracy: 0.7435897435897436
------------------------------------------------
Feature selection method: classifier_f_classif. Accuracy: 0.7660256410256411
------------------------------------------------
Feature selection method: classifier_f_regression. Accuracy: 0.6442307692307693



Parent Selection Type: sss
Number of Generations: 35
Features to select: 40
Dataset: isolet
Running feature selection based on other feature selection algorithms
--------------------------------------------------
Training time: 2413.66 seconds
Generation: 35
Parameters of the best solution : [0.66208247 0.03550904 0.10919388 0.12542638 0.42576766]
Fitness value of the best solution = 0.7993589743589744
[np.float64(0.7993589743589744), np.float64(0.7993589743589744), np.float64(0.7993589743589744), np.float64(0.7993589743589744), np.float64(0.7993589743589744), np.float64(0.7993589743589744), np.float64(0.7993589743589744), np.float64(0.7993589743589744), np.float64(0.7993589743589744), np.float64(0.7993589743589744), np.float64(0.7993589743589744), np.float64(0.7993589743589744), np.float64(0.7993589743589744), np.float64(0.7993589743589744), np.float64(0.7993589743589744), np.float64(0.7993589743589744), np.float64(0.7993589743589744), np.float64(0.7993589743589744), np.float64(0.7993589743589744), np.float64(0.7993589743589744), np.float64(0.7993589743589744), np.float64(0.7993589743589744), np.float64(0.7993589743589744), np.float64(0.7993589743589744), np.float64(0.7993589743589744), np.float64(0.7993589743589744), np.float64(0.7993589743589744), np.float64(0.7993589743589744), np.float64(0.7993589743589744), np.float64(0.7993589743589744), np.float64(0.7993589743589744), np.float64(0.7993589743589744), np.float64(0.7993589743589744), np.float64(0.7993589743589744), np.float64(0.7993589743589744), np.float64(0.7993589743589744)]
