Sun 26 Jan 2025 13:22:19 IST

SLURM_JOBID:		 2463394
SLURM_JOB_NODELIST:	 ise-cpu-intl-12 


reading isolet
reading spambase



Parent Selection Type: sss
Number of Generations: 40
Features to select: 5
Dataset: isolet
Running feature selection based on other feature selection algorithms
--------------------------------------------------
Training time: 1747.02 seconds
Generation: 40
Parameters of the best solution : [0.02058449 0.96990985 0.83244264 0.21233911 0.18182497]
Fitness value of the best solution = 0.49038461538461536
[np.float64(0.49038461538461536), np.float64(0.49038461538461536), np.float64(0.49038461538461536), np.float64(0.49038461538461536), np.float64(0.49038461538461536), np.float64(0.49038461538461536), np.float64(0.49038461538461536), np.float64(0.49038461538461536), np.float64(0.49038461538461536), np.float64(0.49038461538461536), np.float64(0.49038461538461536), np.float64(0.49038461538461536), np.float64(0.49038461538461536), np.float64(0.49038461538461536), np.float64(0.49038461538461536), np.float64(0.49038461538461536), np.float64(0.49038461538461536), np.float64(0.49038461538461536), np.float64(0.49038461538461536), np.float64(0.49038461538461536), np.float64(0.49038461538461536), np.float64(0.49038461538461536), np.float64(0.49038461538461536), np.float64(0.49038461538461536), np.float64(0.49038461538461536), np.float64(0.49038461538461536), np.float64(0.49038461538461536), np.float64(0.49038461538461536), np.float64(0.49038461538461536), np.float64(0.49038461538461536), np.float64(0.49038461538461536), np.float64(0.49038461538461536), np.float64(0.49038461538461536), np.float64(0.49038461538461536), np.float64(0.49038461538461536), np.float64(0.49038461538461536), np.float64(0.49038461538461536), np.float64(0.49038461538461536), np.float64(0.49038461538461536), np.float64(0.49038461538461536), np.float64(0.49038461538461536)]
Running feature selection based on simple genetic algorithm
--------------------------------------------------
Training time: 1621.54 seconds
Generation: 40
Parameters of the best solution : [395, 549, 336, 104, 589]
Fitness value of the best solution = 0.5019230769230769
[np.float64(0.4012820512820513), np.float64(0.4269230769230769), np.float64(0.4269230769230769), np.float64(0.48333333333333334), np.float64(0.48333333333333334), np.float64(0.48333333333333334), np.float64(0.483974358974359), np.float64(0.49935897435897436), np.float64(0.49935897435897436), np.float64(0.49935897435897436), np.float64(0.49935897435897436), np.float64(0.5044871794871795), np.float64(0.5044871794871795), np.float64(0.5044871794871795), np.float64(0.5044871794871795), np.float64(0.5096153846153846), np.float64(0.5096153846153846), np.float64(0.5096153846153846), np.float64(0.5096153846153846), np.float64(0.5096153846153846), np.float64(0.5096153846153846), np.float64(0.5121794871794871), np.float64(0.5275641025641026), np.float64(0.5326923076923077), np.float64(0.5326923076923077), np.float64(0.5326923076923077), np.float64(0.5326923076923077), np.float64(0.5326923076923077), np.float64(0.5326923076923077), np.float64(0.5326923076923077), np.float64(0.5326923076923077), np.float64(0.5326923076923077), np.float64(0.5326923076923077), np.float64(0.5326923076923077), np.float64(0.5326923076923077), np.float64(0.5326923076923077), np.float64(0.5326923076923077), np.float64(0.5326923076923077), np.float64(0.5326923076923077), np.float64(0.5326923076923077), np.float64(0.5019230769230769)]
------------------------------------------------
Feature selection method: classifier_chi2. Accuracy: 0.20064102564102565
------------------------------------------------
Feature selection method: classifier_mutual_info_classif. Accuracy: 0.3269230769230769
------------------------------------------------
Feature selection method: classifier_mutual_info_regression. Accuracy: 0.3121794871794872
------------------------------------------------
Feature selection method: classifier_f_classif. Accuracy: 0.23333333333333334
------------------------------------------------
Feature selection method: classifier_f_regression. Accuracy: 0.258974358974359



Parent Selection Type: sss
Number of Generations: 40
Features to select: 10
Dataset: isolet
Running feature selection based on other feature selection algorithms
--------------------------------------------------
Training time: 2143.23 seconds
Generation: 40
Parameters of the best solution : [-0.17401588  0.76060658  0.43166021 -0.43006347  0.84294999]
Fitness value of the best solution = 0.5403846153846154
[np.float64(0.4814102564102564), np.float64(0.483974358974359), np.float64(0.5403846153846154), np.float64(0.5403846153846154), np.float64(0.5403846153846154), np.float64(0.5403846153846154), np.float64(0.5403846153846154), np.float64(0.5403846153846154), np.float64(0.5403846153846154), np.float64(0.5403846153846154), np.float64(0.5403846153846154), np.float64(0.5403846153846154), np.float64(0.5403846153846154), np.float64(0.5403846153846154), np.float64(0.5403846153846154), np.float64(0.5403846153846154), np.float64(0.5403846153846154), np.float64(0.5403846153846154), np.float64(0.5403846153846154), np.float64(0.5403846153846154), np.float64(0.5403846153846154), np.float64(0.5403846153846154), np.float64(0.5403846153846154), np.float64(0.5403846153846154), np.float64(0.5403846153846154), np.float64(0.5403846153846154), np.float64(0.5403846153846154), np.float64(0.5403846153846154), np.float64(0.5403846153846154), np.float64(0.5403846153846154), np.float64(0.5403846153846154), np.float64(0.5403846153846154), np.float64(0.5403846153846154), np.float64(0.5403846153846154), np.float64(0.5403846153846154), np.float64(0.5403846153846154), np.float64(0.5403846153846154), np.float64(0.5403846153846154), np.float64(0.5403846153846154), np.float64(0.5403846153846154), np.float64(0.5403846153846154)]
Running feature selection based on simple genetic algorithm
--------------------------------------------------
Training time: 2104.64 seconds
Generation: 40
Parameters of the best solution : [105, 199, 384, 9, 548, 109, 147, 425, 480, 206]
Fitness value of the best solution = 0.7474358974358974
[np.float64(0.6314102564102564), np.float64(0.6314102564102564), np.float64(0.6314102564102564), np.float64(0.6314102564102564), np.float64(0.6314102564102564), np.float64(0.6551282051282051), np.float64(0.6711538461538461), np.float64(0.6717948717948717), np.float64(0.6717948717948717), np.float64(0.675), np.float64(0.6865384615384615), np.float64(0.6865384615384615), np.float64(0.6967948717948718), np.float64(0.6967948717948718), np.float64(0.6967948717948718), np.float64(0.6967948717948718), np.float64(0.6967948717948718), np.float64(0.6967948717948718), np.float64(0.698076923076923), np.float64(0.698076923076923), np.float64(0.698076923076923), np.float64(0.6987179487179487), np.float64(0.7108974358974359), np.float64(0.7108974358974359), np.float64(0.7166666666666667), np.float64(0.7391025641025641), np.float64(0.7391025641025641), np.float64(0.7391025641025641), np.float64(0.7391025641025641), np.float64(0.7391025641025641), np.float64(0.7391025641025641), np.float64(0.7391025641025641), np.float64(0.7391025641025641), np.float64(0.7391025641025641), np.float64(0.7391025641025641), np.float64(0.7474358974358974), np.float64(0.7474358974358974), np.float64(0.7474358974358974), np.float64(0.7474358974358974), np.float64(0.7474358974358974), np.float64(0.7474358974358974)]
------------------------------------------------
Feature selection method: classifier_chi2. Accuracy: 0.2724358974358974
------------------------------------------------
Feature selection method: classifier_mutual_info_classif. Accuracy: 0.5326923076923077
------------------------------------------------
Feature selection method: classifier_mutual_info_regression. Accuracy: 0.5307692307692308
------------------------------------------------
Feature selection method: classifier_f_classif. Accuracy: 0.5121794871794871
------------------------------------------------
Feature selection method: classifier_f_regression. Accuracy: 0.48012820512820514



Parent Selection Type: sss
Number of Generations: 40
Features to select: 15
Dataset: isolet
Running feature selection based on other feature selection algorithms
--------------------------------------------------
Training time: 2222.20 seconds
Generation: 40
Parameters of the best solution : [0.33858597 0.22417228 0.35910994 0.23037482 0.57940563]
Fitness value of the best solution = 0.6878205128205128
[np.float64(0.6878205128205128), np.float64(0.6878205128205128), np.float64(0.6878205128205128), np.float64(0.6878205128205128), np.float64(0.6878205128205128), np.float64(0.6878205128205128), np.float64(0.6878205128205128), np.float64(0.6878205128205128), np.float64(0.6878205128205128), np.float64(0.6878205128205128), np.float64(0.6878205128205128), np.float64(0.6878205128205128), np.float64(0.6878205128205128), np.float64(0.6878205128205128), np.float64(0.6878205128205128), np.float64(0.6878205128205128), np.float64(0.6878205128205128), np.float64(0.6878205128205128), np.float64(0.6878205128205128), np.float64(0.6878205128205128), np.float64(0.6878205128205128), np.float64(0.6878205128205128), np.float64(0.6878205128205128), np.float64(0.6878205128205128), np.float64(0.6878205128205128), np.float64(0.6878205128205128), np.float64(0.6878205128205128), np.float64(0.6878205128205128), np.float64(0.6878205128205128), np.float64(0.6878205128205128), np.float64(0.6878205128205128), np.float64(0.6878205128205128), np.float64(0.6878205128205128), np.float64(0.6878205128205128), np.float64(0.6878205128205128), np.float64(0.6878205128205128), np.float64(0.6878205128205128), np.float64(0.6878205128205128), np.float64(0.6878205128205128), np.float64(0.6878205128205128), np.float64(0.6878205128205128)]
Running feature selection based on simple genetic algorithm
--------------------------------------------------
Training time: 2088.25 seconds
Generation: 40
Parameters of the best solution : [479, 517, 385, 132, 138, 7, 392, 228, 409, 401, 476, 513, 105, 16, 177]
Fitness value of the best solution = 0.808974358974359
[np.float64(0.7038461538461539), np.float64(0.7038461538461539), np.float64(0.7378205128205129), np.float64(0.7378205128205129), np.float64(0.7480769230769231), np.float64(0.7487179487179487), np.float64(0.7506410256410256), np.float64(0.7698717948717949), np.float64(0.7698717948717949), np.float64(0.7705128205128206), np.float64(0.7705128205128206), np.float64(0.7705128205128206), np.float64(0.7711538461538462), np.float64(0.775), np.float64(0.808974358974359), np.float64(0.808974358974359), np.float64(0.808974358974359), np.float64(0.808974358974359), np.float64(0.808974358974359), np.float64(0.808974358974359), np.float64(0.808974358974359), np.float64(0.808974358974359), np.float64(0.808974358974359), np.float64(0.808974358974359), np.float64(0.808974358974359), np.float64(0.808974358974359), np.float64(0.808974358974359), np.float64(0.808974358974359), np.float64(0.808974358974359), np.float64(0.808974358974359), np.float64(0.808974358974359), np.float64(0.808974358974359), np.float64(0.808974358974359), np.float64(0.808974358974359), np.float64(0.808974358974359), np.float64(0.808974358974359), np.float64(0.808974358974359), np.float64(0.808974358974359), np.float64(0.808974358974359), np.float64(0.808974358974359), np.float64(0.808974358974359)]
------------------------------------------------
Feature selection method: classifier_chi2. Accuracy: 0.36666666666666664
------------------------------------------------
Feature selection method: classifier_mutual_info_classif. Accuracy: 0.5717948717948718
------------------------------------------------
Feature selection method: classifier_mutual_info_regression. Accuracy: 0.5762820512820512
------------------------------------------------
Feature selection method: classifier_f_classif. Accuracy: 0.6384615384615384
------------------------------------------------
Feature selection method: classifier_f_regression. Accuracy: 0.5365384615384615



Parent Selection Type: sss
Number of Generations: 40
Features to select: 20
Dataset: isolet
Running feature selection based on other feature selection algorithms
--------------------------------------------------
Training time: 2595.61 seconds
Generation: 40
Parameters of the best solution : [0.17788997 0.07940296 0.03423461 0.38932392 0.57757766]
Fitness value of the best solution = 0.7371794871794872
[np.float64(0.7173076923076923), np.float64(0.7371794871794872), np.float64(0.7371794871794872), np.float64(0.7371794871794872), np.float64(0.7371794871794872), np.float64(0.7371794871794872), np.float64(0.7371794871794872), np.float64(0.7371794871794872), np.float64(0.7371794871794872), np.float64(0.7371794871794872), np.float64(0.7371794871794872), np.float64(0.7371794871794872), np.float64(0.7371794871794872), np.float64(0.7371794871794872), np.float64(0.7371794871794872), np.float64(0.7371794871794872), np.float64(0.7371794871794872), np.float64(0.7371794871794872), np.float64(0.7371794871794872), np.float64(0.7371794871794872), np.float64(0.7371794871794872), np.float64(0.7371794871794872), np.float64(0.7371794871794872), np.float64(0.7371794871794872), np.float64(0.7371794871794872), np.float64(0.7371794871794872), np.float64(0.7371794871794872), np.float64(0.7371794871794872), np.float64(0.7371794871794872), np.float64(0.7371794871794872), np.float64(0.7371794871794872), np.float64(0.7371794871794872), np.float64(0.7371794871794872), np.float64(0.7371794871794872), np.float64(0.7371794871794872), np.float64(0.7371794871794872), np.float64(0.7371794871794872), np.float64(0.7371794871794872), np.float64(0.7371794871794872), np.float64(0.7371794871794872), np.float64(0.7371794871794872)]
Running feature selection based on simple genetic algorithm
--------------------------------------------------
Training time: 2558.08 seconds
Generation: 40
Parameters of the best solution : [480, 470, 296, 453, 524, 598, 167, 395, 266, 119, 129, 362, 361, 385, 406, 87, 209, 475, 14, 108]
Fitness value of the best solution = 0.85
[np.float64(0.7666666666666667), np.float64(0.7666666666666667), np.float64(0.7826923076923077), np.float64(0.7826923076923077), np.float64(0.7923076923076923), np.float64(0.8006410256410257), np.float64(0.8006410256410257), np.float64(0.8006410256410257), np.float64(0.8006410256410257), np.float64(0.8006410256410257), np.float64(0.8371794871794872), np.float64(0.8371794871794872), np.float64(0.8371794871794872), np.float64(0.8371794871794872), np.float64(0.8371794871794872), np.float64(0.8371794871794872), np.float64(0.8371794871794872), np.float64(0.8371794871794872), np.float64(0.8371794871794872), np.float64(0.8371794871794872), np.float64(0.8371794871794872), np.float64(0.8416666666666667), np.float64(0.8416666666666667), np.float64(0.842948717948718), np.float64(0.842948717948718), np.float64(0.85), np.float64(0.85), np.float64(0.85), np.float64(0.85), np.float64(0.85), np.float64(0.85), np.float64(0.85), np.float64(0.85), np.float64(0.85), np.float64(0.85), np.float64(0.85), np.float64(0.85), np.float64(0.85), np.float64(0.85), np.float64(0.85), np.float64(0.85)]
------------------------------------------------
Feature selection method: classifier_chi2. Accuracy: 0.39294871794871794
------------------------------------------------
Feature selection method: classifier_mutual_info_classif. Accuracy: 0.642948717948718
------------------------------------------------
Feature selection method: classifier_mutual_info_regression. Accuracy: 0.6621794871794872
------------------------------------------------
Feature selection method: classifier_f_classif. Accuracy: 0.6948717948717948
------------------------------------------------
Feature selection method: classifier_f_regression. Accuracy: 0.5814102564102565



Parent Selection Type: sss
Number of Generations: 40
Features to select: 25
Dataset: isolet
Running feature selection based on other feature selection algorithms
--------------------------------------------------
Training time: 3254.16 seconds
Generation: 40
Parameters of the best solution : [-0.05161433  0.038769   -0.14045699  0.85731129 -0.91797845]
Fitness value of the best solution = 0.7461538461538462
[np.float64(0.7025641025641025), np.float64(0.7025641025641025), np.float64(0.7025641025641025), np.float64(0.7025641025641025), np.float64(0.7025641025641025), np.float64(0.7025641025641025), np.float64(0.7025641025641025), np.float64(0.7025641025641025), np.float64(0.7416666666666667), np.float64(0.7474358974358974), np.float64(0.7461538461538462), np.float64(0.7461538461538462), np.float64(0.7461538461538462), np.float64(0.7461538461538462), np.float64(0.7461538461538462), np.float64(0.7461538461538462), np.float64(0.7461538461538462), np.float64(0.7461538461538462), np.float64(0.7461538461538462), np.float64(0.7461538461538462), np.float64(0.7461538461538462), np.float64(0.7461538461538462), np.float64(0.7461538461538462), np.float64(0.7461538461538462), np.float64(0.7461538461538462), np.float64(0.7461538461538462), np.float64(0.7461538461538462), np.float64(0.7461538461538462), np.float64(0.7461538461538462), np.float64(0.7461538461538462), np.float64(0.7461538461538462), np.float64(0.7461538461538462), np.float64(0.7461538461538462), np.float64(0.7461538461538462), np.float64(0.7461538461538462), np.float64(0.7461538461538462), np.float64(0.7461538461538462), np.float64(0.7461538461538462), np.float64(0.7461538461538462), np.float64(0.7461538461538462), np.float64(0.7461538461538462)]
Running feature selection based on simple genetic algorithm
--------------------------------------------------
Training time: 2925.20 seconds
Generation: 40
Parameters of the best solution : [330, 395, 132, 418, 560, 325, 411, 79, 265, 490, 49, 346, 457, 12, 170, 180, 294, 553, 588, 542, 591, 100, 393, 549, 74]
Fitness value of the best solution = 0.8717948717948718
[np.float64(0.8153846153846154), np.float64(0.8224358974358974), np.float64(0.8384615384615385), np.float64(0.8384615384615385), np.float64(0.8384615384615385), np.float64(0.8384615384615385), np.float64(0.8384615384615385), np.float64(0.8480769230769231), np.float64(0.8480769230769231), np.float64(0.8480769230769231), np.float64(0.8480769230769231), np.float64(0.8557692307692307), np.float64(0.8557692307692307), np.float64(0.8557692307692307), np.float64(0.8557692307692307), np.float64(0.8557692307692307), np.float64(0.8557692307692307), np.float64(0.8557692307692307), np.float64(0.8557692307692307), np.float64(0.8557692307692307), np.float64(0.8557692307692307), np.float64(0.857051282051282), np.float64(0.8628205128205129), np.float64(0.8628205128205129), np.float64(0.867948717948718), np.float64(0.867948717948718), np.float64(0.867948717948718), np.float64(0.867948717948718), np.float64(0.867948717948718), np.float64(0.867948717948718), np.float64(0.867948717948718), np.float64(0.867948717948718), np.float64(0.867948717948718), np.float64(0.867948717948718), np.float64(0.867948717948718), np.float64(0.867948717948718), np.float64(0.867948717948718), np.float64(0.867948717948718), np.float64(0.867948717948718), np.float64(0.8717948717948718), np.float64(0.8717948717948718)]
------------------------------------------------
Feature selection method: classifier_chi2. Accuracy: 0.4
------------------------------------------------
Feature selection method: classifier_mutual_info_classif. Accuracy: 0.6923076923076923
------------------------------------------------
Feature selection method: classifier_mutual_info_regression. Accuracy: 0.6891025641025641
------------------------------------------------
Feature selection method: classifier_f_classif. Accuracy: 0.7416666666666667
------------------------------------------------
Feature selection method: classifier_f_regression. Accuracy: 0.6006410256410256



Parent Selection Type: sss
Number of Generations: 40
Features to select: 30
Dataset: isolet
Running feature selection based on other feature selection algorithms
--------------------------------------------------
Training time: 2638.00 seconds
Generation: 40
Parameters of the best solution : [0.07450247 0.11310561 0.5314913  0.65169175 0.90864487]
Fitness value of the best solution = 0.7814102564102564
[np.float64(0.7711538461538462), np.float64(0.7814102564102564), np.float64(0.7814102564102564), np.float64(0.7814102564102564), np.float64(0.7814102564102564), np.float64(0.7814102564102564), np.float64(0.7814102564102564), np.float64(0.7814102564102564), np.float64(0.7814102564102564), np.float64(0.7814102564102564), np.float64(0.7814102564102564), np.float64(0.7814102564102564), np.float64(0.7814102564102564), np.float64(0.7814102564102564), np.float64(0.7814102564102564), np.float64(0.7814102564102564), np.float64(0.7814102564102564), np.float64(0.7814102564102564), np.float64(0.7814102564102564), np.float64(0.7814102564102564), np.float64(0.7814102564102564), np.float64(0.7814102564102564), np.float64(0.7814102564102564), np.float64(0.7814102564102564), np.float64(0.7814102564102564), np.float64(0.7814102564102564), np.float64(0.7814102564102564), np.float64(0.7814102564102564), np.float64(0.7814102564102564), np.float64(0.7814102564102564), np.float64(0.7814102564102564), np.float64(0.7814102564102564), np.float64(0.7814102564102564), np.float64(0.7814102564102564), np.float64(0.7814102564102564), np.float64(0.7814102564102564), np.float64(0.7814102564102564), np.float64(0.7814102564102564), np.float64(0.7814102564102564), np.float64(0.7814102564102564), np.float64(0.7814102564102564)]
Running feature selection based on simple genetic algorithm
--------------------------------------------------
Training time: 2794.71 seconds
Generation: 40
Parameters of the best solution : [513, 521, 266, 356, 20, 161, 406, 142, 328, 368, 169, 395, 119, 330, 411, 594, 515, 394, 262, 378, 462, 208, 297, 33, 418, 184, 247, 454, 493, 468]
Fitness value of the best solution = 0.8916666666666667
[np.float64(0.8083333333333333), np.float64(0.8237179487179487), np.float64(0.8371794871794872), np.float64(0.8416666666666667), np.float64(0.8416666666666667), np.float64(0.8596153846153847), np.float64(0.8596153846153847), np.float64(0.8730769230769231), np.float64(0.8730769230769231), np.float64(0.8730769230769231), np.float64(0.875), np.float64(0.875), np.float64(0.875), np.float64(0.875), np.float64(0.875), np.float64(0.8801282051282051), np.float64(0.8801282051282051), np.float64(0.8801282051282051), np.float64(0.8801282051282051), np.float64(0.8801282051282051), np.float64(0.8801282051282051), np.float64(0.8833333333333333), np.float64(0.8833333333333333), np.float64(0.8833333333333333), np.float64(0.8833333333333333), np.float64(0.8833333333333333), np.float64(0.8833333333333333), np.float64(0.8833333333333333), np.float64(0.8833333333333333), np.float64(0.8852564102564102), np.float64(0.8916666666666667), np.float64(0.8916666666666667), np.float64(0.8916666666666667), np.float64(0.8916666666666667), np.float64(0.8916666666666667), np.float64(0.8916666666666667), np.float64(0.8916666666666667), np.float64(0.8916666666666667), np.float64(0.8916666666666667), np.float64(0.8916666666666667), np.float64(0.8916666666666667)]
------------------------------------------------
Feature selection method: classifier_chi2. Accuracy: 0.44294871794871793
------------------------------------------------
Feature selection method: classifier_mutual_info_classif. Accuracy: 0.7294871794871794
------------------------------------------------
Feature selection method: classifier_mutual_info_regression. Accuracy: 0.7256410256410256
------------------------------------------------
Feature selection method: classifier_f_classif. Accuracy: 0.7583333333333333
------------------------------------------------
Feature selection method: classifier_f_regression. Accuracy: 0.6102564102564103



Parent Selection Type: sss
Number of Generations: 40
Features to select: 35
Dataset: isolet
Running feature selection based on other feature selection algorithms
--------------------------------------------------
Training time: 3227.84 seconds
Generation: 40
Parameters of the best solution : [0.20860773 0.43672717 0.69001989 0.30961929 0.07547708]
Fitness value of the best solution = 0.7897435897435897
[np.float64(0.7897435897435897), np.float64(0.7897435897435897), np.float64(0.7897435897435897), np.float64(0.7897435897435897), np.float64(0.7897435897435897), np.float64(0.7897435897435897), np.float64(0.7897435897435897), np.float64(0.7897435897435897), np.float64(0.7897435897435897), np.float64(0.7897435897435897), np.float64(0.7897435897435897), np.float64(0.7897435897435897), np.float64(0.7897435897435897), np.float64(0.7897435897435897), np.float64(0.7897435897435897), np.float64(0.7897435897435897), np.float64(0.7897435897435897), np.float64(0.7897435897435897), np.float64(0.7897435897435897), np.float64(0.7897435897435897), np.float64(0.7897435897435897), np.float64(0.7897435897435897), np.float64(0.7897435897435897), np.float64(0.7897435897435897), np.float64(0.7897435897435897), np.float64(0.7897435897435897), np.float64(0.7897435897435897), np.float64(0.7897435897435897), np.float64(0.7897435897435897), np.float64(0.7897435897435897), np.float64(0.7897435897435897), np.float64(0.7897435897435897), np.float64(0.7897435897435897), np.float64(0.7897435897435897), np.float64(0.7897435897435897), np.float64(0.7897435897435897), np.float64(0.7897435897435897), np.float64(0.7897435897435897), np.float64(0.7897435897435897), np.float64(0.7897435897435897), np.float64(0.7897435897435897)]
